FUNCTION: getTopK 10
Result: said,mln,dlr,from,it,pct,vs,ct,net,qtr
FUNCTION: getPostings hard
Ordered by doc IDs: 9613,9641,9668,9775,9835,9879,9956,10335,10339,10432,10447,10451,10461,10485,10524,10549,10572,10966,11244,11245,11249,11335,11441,11443,11553,11590,11694,11834,11896,12121,12173,12200,12441,12501,12634,12784,12866
Ordered by TF: 10572,9835,10432,10461,11443,12634,9613,9641,9668,9775,9879,9956,10335,10339,10447,10451,10485,10524,10549,10966,11244,11245,11249,11335,11441,11553,11590,11694,11834,11896,12121,12173,12200,12441,12501,12784,12866
FUNCTION: getPostings hand
Ordered by doc IDs: 9625,9773,9846,9861,9933,10088,10255,10272,10475,10580,10777,10778,11002,11149,11154,11221,11299,11309,11442,11443,11807,12019,12173,12554,12841
Ordered by TF: 10777,11221,12019,9625,9773,9846,9861,9933,10088,10255,10272,10475,10580,10778,11002,11149,11154,11299,11309,11442,11443,11807,12173,12554,12841
FUNCTION: termAtATimeQueryAnd hard,hand
2 documents are found
925 comparisions are made
0 seconds are used
Result: 11443,12173
FUNCTION: termAtATimeQueryOr hard,hand
60 documents are found
925 comparisions are made
0 seconds are used
Result: 9613,9625,9641,9668,9773,9775,9835,9846,9861,9879,9933,9956,10088,10255,10272,10335,10339,10432,10447,10451,10461,10475,10485,10524,10549,10572,10580,10777,10778,10966,11002,11149,11154,11221,11244,11245,11249,11299,11309,11335,11441,11442,11443,11553,11590,11694,11807,11834,11896,12019,12121,12173,12200,12441,12501,12554,12634,12784,12841,12866
FUNCTION: docAtATimeQueryAnd hard,hand
2 documents are found
59 comparisions are made
0 seconds are used
Result: 11443,12173
FUNCTION: docAtATimeQueryOr hard,hand
60 documents are found
62 comparisions are made
0 seconds are used
Result: 9613,9625,9641,9773,9668,9846,9775,9861,9835,9933,9879,10088,9956,10255,10335,10272,10339,10475,10432,10580,10447,10777,10451,10778,10461,11002,10485,11149,10524,11154,10549,11221,10572,11299,10966,11309,11244,11442,11245,11443,11249,11807,11335,12019,11441,12173,12554,11553,12841,11590,11694,11834,11896,12121,12200,12441,12501,12634,12784,12866
